# JRE version: Java(TM) SE Runtime Environment (8.0_65-b17) (build 1.8.0_65-b17)
# Java VM: Java HotSpot(TM) 64-Bit Server VM (25.65-b01 mixed mode bsd-amd64 compressed oops)
Heap:
 PSYoungGen      total 313344K, used 185005K [0x00000007aab00000, 0x00000007c0000000, 0x00000007c0000000)
  eden space 277504K, 66% used [0x00000007aab00000,0x00000007b5fab560,0x00000007bba00000)
  from space 35840K, 0% used [0x00000007bba00000,0x00000007bba00000,0x00000007bdd00000)
  to   space 35840K, 0% used [0x00000007bdd00000,0x00000007bdd00000,0x00000007c0000000)
 ParOldGen       total 82432K, used 71922K [0x0000000780000000, 0x0000000785080000, 0x00000007aab00000)
  object space 82432K, 87% used [0x0000000780000000,0x000000078463cae0,0x0000000785080000)
 Metaspace       used 66701K, capacity 70859K, committed 71040K, reserved 1112064K
  class space    used 8431K, capacity 9279K, committed 9344K, reserved 1048576K
GC Heap History (10 events):
Event: 117.253 GC heap before
{Heap before GC invocations=17 (full 3):
 PSYoungGen      total 276480K, used 275461K [0x00000007aab00000, 0x00000007c0000000, 0x00000007c0000000)
  eden space 256000K, 100% used [0x00000007aab00000,0x00000007ba500000,0x00000007ba500000)
  from space 20480K, 95% used [0x00000007ba500000,0x00000007bb801528,0x00000007bb900000)
  to   space 23552K, 0% used [0x00000007be900000,0x00000007be900000,0x00000007c0000000)
 ParOldGen       total 82432K, used 52193K [0x0000000780000000, 0x0000000785080000, 0x00000007aab00000)
  object space 82432K, 63% used [0x0000000780000000,0x00000007832f8580,0x0000000785080000)
 Metaspace       used 54579K, capacity 57589K, committed 57728K, reserved 1099776K
  class space    used 7393K, capacity 8056K, committed 8064K, reserved 1048576K
Event: 117.357 GC heap after
Heap after GC invocations=17 (full 3):
 PSYoungGen      total 319488K, used 22739K [0x00000007aab00000, 0x00000007c0000000, 0x00000007c0000000)
  eden space 295936K, 0% used [0x00000007aab00000,0x00000007aab00000,0x00000007bcc00000)
  from space 23552K, 96% used [0x00000007be900000,0x00000007bff34f30,0x00000007c0000000)
  to   space 26624K, 0% used [0x00000007bcc00000,0x00000007bcc00000,0x00000007be600000)
 ParOldGen       total 82432K, used 55211K [0x0000000780000000, 0x0000000785080000, 0x00000007aab00000)
  object space 82432K, 66% used [0x0000000780000000,0x00000007835eae20,0x0000000785080000)
 Metaspace       used 54579K, capacity 57589K, committed 57728K, reserved 1099776K
  class space    used 7393K, capacity 8056K, committed 8064K, reserved 1048576K
}
Event: 286.533 GC heap before
{Heap before GC invocations=18 (full 3):
 PSYoungGen      total 319488K, used 318675K [0x00000007aab00000, 0x00000007c0000000, 0x00000007c0000000)
  eden space 295936K, 100% used [0x00000007aab00000,0x00000007bcc00000,0x00000007bcc00000)
  from space 23552K, 96% used [0x00000007be900000,0x00000007bff34f30,0x00000007c0000000)
  to   space 26624K, 0% used [0x00000007bcc00000,0x00000007bcc00000,0x00000007be600000)
 ParOldGen       total 82432K, used 55211K [0x0000000780000000, 0x0000000785080000, 0x00000007aab00000)
  object space 82432K, 66% used [0x0000000780000000,0x00000007835eae20,0x0000000785080000)
 Metaspace       used 62135K, capacity 65563K, committed 65664K, reserved 1105920K
  class space    used 7992K, capacity 8750K, committed 8832K, reserved 1048576K
Event: 286.607 GC heap after
Heap after GC invocations=18 (full 3):
 PSYoungGen      total 322048K, used 26084K [0x00000007aab00000, 0x00000007c0000000, 0x00000007c0000000)
  eden space 295936K, 0% used [0x00000007aab00000,0x00000007aab00000,0x00000007bcc00000)
  from space 26112K, 99% used [0x00000007bcc00000,0x00000007be579100,0x00000007be580000)
  to   space 27136K, 0% used [0x00000007be580000,0x00000007be580000,0x00000007c0000000)
 ParOldGen       total 82432K, used 55235K [0x0000000780000000, 0x0000000785080000, 0x00000007aab00000)
  object space 82432K, 67% used [0x0000000780000000,0x00000007835f0e20,0x0000000785080000)
 Metaspace       used 62135K, capacity 65563K, committed 65664K, reserved 1105920K
  class space    used 7992K, capacity 8750K, committed 8832K, reserved 1048576K
}
Event: 293.084 GC heap before
{Heap before GC invocations=19 (full 3):
 PSYoungGen      total 322048K, used 322020K [0x00000007aab00000, 0x00000007c0000000, 0x00000007c0000000)
  eden space 295936K, 100% used [0x00000007aab00000,0x00000007bcc00000,0x00000007bcc00000)
  from space 26112K, 99% used [0x00000007bcc00000,0x00000007be579100,0x00000007be580000)
  to   space 27136K, 0% used [0x00000007be580000,0x00000007be580000,0x00000007c0000000)
 ParOldGen       total 82432K, used 55235K [0x0000000780000000, 0x0000000785080000, 0x00000007aab00000)
  object space 82432K, 67% used [0x0000000780000000,0x00000007835f0e20,0x0000000785080000)
 Metaspace       used 63349K, capacity 66993K, committed 67328K, reserved 1107968K
  class space    used 8082K, capacity 8855K, committed 8960K, reserved 1048576K
Event: 293.133 GC heap after
Heap after GC invocations=19 (full 3):
 PSYoungGen      total 304640K, used 27133K [0x00000007aab00000, 0x00000007c0000000, 0x00000007c0000000)
  eden space 277504K, 0% used [0x00000007aab00000,0x00000007aab00000,0x00000007bba00000)
  from space 27136K, 99% used [0x00000007be580000,0x00000007bffff4e0,0x00000007c0000000)
  to   space 35840K, 0% used [0x00000007bba00000,0x00000007bba00000,0x00000007bdd00000)
 ParOldGen       total 82432K, used 60744K [0x0000000780000000, 0x0000000785080000, 0x00000007aab00000)
  object space 82432K, 73% used [0x0000000780000000,0x0000000783b521b0,0x0000000785080000)
 Metaspace       used 63349K, capacity 66993K, committed 67328K, reserved 1107968K
  class space    used 8082K, capacity 8855K, committed 8960K, reserved 1048576K
}
Event: 299.481 GC heap before
{Heap before GC invocations=20 (full 3):
 PSYoungGen      total 304640K, used 260307K [0x00000007aab00000, 0x00000007c0000000, 0x00000007c0000000)
  eden space 277504K, 84% used [0x00000007aab00000,0x00000007b8eb59f8,0x00000007bba00000)
  from space 27136K, 99% used [0x00000007be580000,0x00000007bffff4e0,0x00000007c0000000)
  to   space 35840K, 0% used [0x00000007bba00000,0x00000007bba00000,0x00000007bdd00000)
 ParOldGen       total 82432K, used 60744K [0x0000000780000000, 0x0000000785080000, 0x00000007aab00000)
  object space 82432K, 73% used [0x0000000780000000,0x0000000783b521b0,0x0000000785080000)
 Metaspace       used 66068K, capacity 69897K, committed 70144K, reserved 1110016K
  class space    used 8384K, capacity 9175K, committed 9216K, reserved 1048576K
Event: 299.520 GC heap after
Heap after GC invocations=20 (full 3):
 PSYoungGen      total 313344K, used 5094K [0x00000007aab00000, 0x00000007c0000000, 0x00000007c0000000)
  eden space 277504K, 0% used [0x00000007aab00000,0x00000007aab00000,0x00000007bba00000)
  from space 35840K, 14% used [0x00000007bba00000,0x00000007bbef9b70,0x00000007bdd00000)
  to   space 35840K, 0% used [0x00000007bdd00000,0x00000007bdd00000,0x00000007c0000000)
 ParOldGen       total 82432K, used 76898K [0x0000000780000000, 0x0000000785080000, 0x00000007aab00000)
  object space 82432K, 93% used [0x0000000780000000,0x0000000784b18b70,0x0000000785080000)
 Metaspace       used 66068K, capacity 69897K, committed 70144K, reserved 1110016K
  class space    used 8384K, capacity 9175K, committed 9216K, reserved 1048576K
}
Event: 299.520 GC heap before
{Heap before GC invocations=21 (full 4):
 PSYoungGen      total 313344K, used 5094K [0x00000007aab00000, 0x00000007c0000000, 0x00000007c0000000)
  eden space 277504K, 0% used [0x00000007aab00000,0x00000007aab00000,0x00000007bba00000)
  from space 35840K, 14% used [0x00000007bba00000,0x00000007bbef9b70,0x00000007bdd00000)
  to   space 35840K, 0% used [0x00000007bdd00000,0x00000007bdd00000,0x00000007c0000000)
 ParOldGen       total 82432K, used 76898K [0x0000000780000000, 0x0000000785080000, 0x00000007aab00000)
  object space 82432K, 93% used [0x0000000780000000,0x0000000784b18b70,0x0000000785080000)
 Metaspace       used 66068K, capacity 69897K, committed 70144K, reserved 1110016K
  class space    used 8384K, capacity 9175K, committed 9216K, reserved 1048576K
Event: 300.304 GC heap after
Heap after GC invocations=21 (full 4):
 PSYoungGen      total 313344K, used 0K [0x00000007aab00000, 0x00000007c0000000, 0x00000007c0000000)
  eden space 277504K, 0% used [0x00000007aab00000,0x00000007aab00000,0x00000007bba00000)
  from space 35840K, 0% used [0x00000007bba00000,0x00000007bba00000,0x00000007bdd00000)
  to   space 35840K, 0% used [0x00000007bdd00000,0x00000007bdd00000,0x00000007c0000000)
 ParOldGen       total 82432K, used 71922K [0x0000000780000000, 0x0000000785080000, 0x00000007aab00000)
  object space 82432K, 87% used [0x0000000780000000,0x000000078463cae0,0x0000000785080000)
 Metaspace       used 66068K, capacity 69897K, committed 70144K, reserved 1110016K
  class space    used 8384K, capacity 9175K, committed 9216K, reserved 1048576K
}

